C:\Program Files (x86)\Microsoft Visual Studio\2019\Community\MSBuild\Microsoft\VC\v160\Microsoft.CppBuild.targets(513,5): warning MSB8028: O diretório intermediário (Debug\) contém arquivos compartilhados de outro projeto (Trabalho1.vcxproj). Isso pode levar a um comportamento incorreto de limpeza e recompilação.
  clickpolygons.c
C:\Users\Paulo\Documents\Junior\Programacao\repos\GeoComp\Trabalho2\include\clickpolygons.h(7,10): fatal error C1083: Não é possível abrir arquivo incluir: 'GLFW/glfw3.h': No such file or directory
  geometria.c
  geometria_dcel.c
  glad.c
  graphics.c
C:\Users\Paulo\Documents\Junior\Programacao\repos\GeoComp\Trabalho2\include\graphics.h(4,10): fatal error C1083: Não é possível abrir arquivo incluir: 'GLFW/glfw3.h': No such file or directory
  lista.c
  main.c
C:\Users\Paulo\Documents\Junior\Programacao\repos\GeoComp\Trabalho2\include\graphics.h(4,10): fatal error C1083: Não é possível abrir arquivo incluir: 'GLFW/glfw3.h': No such file or directory
  rendererDCEL.c
C:\Users\Paulo\Documents\Junior\Programacao\repos\GeoComp\Trabalho2\rendererDCEL.c(80,80): warning C4244: '=': conversão de 'double' para 'float', possível perda de dados
C:\Users\Paulo\Documents\Junior\Programacao\repos\GeoComp\Trabalho2\rendererDCEL.c(81,80): warning C4244: '=': conversão de 'double' para 'float', possível perda de dados
C:\Users\Paulo\Documents\Junior\Programacao\repos\GeoComp\Trabalho2\rendererDCEL.c(82,80): warning C4244: '=': conversão de 'double' para 'float', possível perda de dados
C:\Users\Paulo\Documents\Junior\Programacao\repos\GeoComp\Trabalho2\rendererDCEL.c(83,80): warning C4244: '=': conversão de 'double' para 'float', possível perda de dados
C:\Users\Paulo\Documents\Junior\Programacao\repos\GeoComp\Trabalho2\rendererDCEL.c(84,80): warning C4244: '=': conversão de 'double' para 'float', possível perda de dados
C:\Users\Paulo\Documents\Junior\Programacao\repos\GeoComp\Trabalho2\rendererDCEL.c(89,81): warning C4244: '=': conversão de 'double' para 'float', possível perda de dados
C:\Users\Paulo\Documents\Junior\Programacao\repos\GeoComp\Trabalho2\rendererDCEL.c(90,81): warning C4244: '=': conversão de 'double' para 'float', possível perda de dados
C:\Users\Paulo\Documents\Junior\Programacao\repos\GeoComp\Trabalho2\rendererDCEL.c(91,81): warning C4244: '=': conversão de 'double' para 'float', possível perda de dados
C:\Users\Paulo\Documents\Junior\Programacao\repos\GeoComp\Trabalho2\rendererDCEL.c(92,81): warning C4244: '=': conversão de 'double' para 'float', possível perda de dados
C:\Users\Paulo\Documents\Junior\Programacao\repos\GeoComp\Trabalho2\rendererDCEL.c(93,81): warning C4244: '=': conversão de 'double' para 'float', possível perda de dados
C:\Users\Paulo\Documents\Junior\Programacao\repos\GeoComp\Trabalho2\rendererDCEL.c(96,81): warning C4244: '=': conversão de 'double' para 'float', possível perda de dados
C:\Users\Paulo\Documents\Junior\Programacao\repos\GeoComp\Trabalho2\rendererDCEL.c(97,81): warning C4244: '=': conversão de 'double' para 'float', possível perda de dados
C:\Users\Paulo\Documents\Junior\Programacao\repos\GeoComp\Trabalho2\rendererDCEL.c(98,81): warning C4244: '=': conversão de 'double' para 'float', possível perda de dados
C:\Users\Paulo\Documents\Junior\Programacao\repos\GeoComp\Trabalho2\rendererDCEL.c(99,81): warning C4244: '=': conversão de 'double' para 'float', possível perda de dados
C:\Users\Paulo\Documents\Junior\Programacao\repos\GeoComp\Trabalho2\rendererDCEL.c(100,81): warning C4244: '=': conversão de 'double' para 'float', possível perda de dados
C:\Users\Paulo\Documents\Junior\Programacao\repos\GeoComp\Trabalho2\rendererDCEL.c(105,80): warning C4244: '=': conversão de 'double' para 'float', possível perda de dados
C:\Users\Paulo\Documents\Junior\Programacao\repos\GeoComp\Trabalho2\rendererDCEL.c(106,80): warning C4244: '=': conversão de 'double' para 'float', possível perda de dados
C:\Users\Paulo\Documents\Junior\Programacao\repos\GeoComp\Trabalho2\rendererDCEL.c(107,80): warning C4244: '=': conversão de 'double' para 'float', possível perda de dados
C:\Users\Paulo\Documents\Junior\Programacao\repos\GeoComp\Trabalho2\rendererDCEL.c(108,80): warning C4244: '=': conversão de 'double' para 'float', possível perda de dados
C:\Users\Paulo\Documents\Junior\Programacao\repos\GeoComp\Trabalho2\rendererDCEL.c(109,80): warning C4244: '=': conversão de 'double' para 'float', possível perda de dados
  shaders.c
C:\Users\Paulo\Documents\Junior\Programacao\repos\GeoComp\Trabalho2\shaders.c(10,6): warning C4101: 'err': variável local não referenciada
  ui.c
C:\Users\Paulo\Documents\Junior\Programacao\repos\GeoComp\Trabalho2\include\ui.h(4,10): fatal error C1083: Não é possível abrir arquivo incluir: 'GLFW/glfw3.h': No such file or directory
  Gerando Código...
