c:\users\paulo\documents\junior\programacao\repos\geocomp\trabalho2\x64\debug\vc142.pdb
c:\users\paulo\documents\junior\programacao\repos\geocomp\trabalho2\x64\debug\vc142.idb
c:\users\paulo\documents\junior\programacao\repos\geocomp\trabalho2\x64\debug\ui.obj
c:\users\paulo\documents\junior\programacao\repos\geocomp\trabalho2\x64\debug\shaders.obj
c:\users\paulo\documents\junior\programacao\repos\geocomp\trabalho2\x64\debug\rendererdcel.obj
c:\users\paulo\documents\junior\programacao\repos\geocomp\trabalho2\x64\debug\main.obj
c:\users\paulo\documents\junior\programacao\repos\geocomp\trabalho2\x64\debug\lista.obj
c:\users\paulo\documents\junior\programacao\repos\geocomp\trabalho2\x64\debug\graphics.obj
c:\users\paulo\documents\junior\programacao\repos\geocomp\trabalho2\x64\debug\glad.obj
c:\users\paulo\documents\junior\programacao\repos\geocomp\trabalho2\x64\debug\geometria_dcel.obj
c:\users\paulo\documents\junior\programacao\repos\geocomp\trabalho2\x64\debug\geometria.obj
c:\users\paulo\documents\junior\programacao\repos\geocomp\trabalho2\x64\debug\clickpolygons.obj
c:\users\paulo\documents\junior\programacao\repos\geocomp\trabalho2\x64\debug\circle.obj
c:\users\paulo\documents\junior\programacao\repos\geocomp\trabalho2\x64\debug\trabalho2.exe
c:\users\paulo\documents\junior\programacao\repos\geocomp\trabalho2\x64\debug\trabalho2.ilk
c:\users\paulo\documents\junior\programacao\repos\geocomp\trabalho2\x64\debug\trabalho2.pdb
c:\users\paulo\documents\junior\programacao\repos\geocomp\trabalho2\x64\debug\circle.obj.enc
c:\users\paulo\documents\junior\programacao\repos\geocomp\trabalho2\x64\debug\geometria.obj.enc
c:\users\paulo\documents\junior\programacao\repos\geocomp\trabalho2\x64\debug\trabalho2.tlog\cl.command.1.tlog
c:\users\paulo\documents\junior\programacao\repos\geocomp\trabalho2\x64\debug\trabalho2.tlog\cl.read.1.tlog
c:\users\paulo\documents\junior\programacao\repos\geocomp\trabalho2\x64\debug\trabalho2.tlog\cl.write.1.tlog
c:\users\paulo\documents\junior\programacao\repos\geocomp\trabalho2\x64\debug\trabalho2.tlog\link.command.1.tlog
c:\users\paulo\documents\junior\programacao\repos\geocomp\trabalho2\x64\debug\trabalho2.tlog\link.read.1.tlog
c:\users\paulo\documents\junior\programacao\repos\geocomp\trabalho2\x64\debug\trabalho2.tlog\link.write.1.tlog
