c:\users\paulo\documents\junior\programacao\repos\geocomp\trabalho1\x64\debug\vc142.pdb
c:\users\paulo\documents\junior\programacao\repos\geocomp\trabalho1\x64\debug\vc142.idb
c:\users\paulo\documents\junior\programacao\repos\geocomp\trabalho1\x64\debug\ui.obj
c:\users\paulo\documents\junior\programacao\repos\geocomp\trabalho1\x64\debug\shaders.obj
c:\users\paulo\documents\junior\programacao\repos\geocomp\trabalho1\x64\debug\rendererdcel.obj
c:\users\paulo\documents\junior\programacao\repos\geocomp\trabalho1\x64\debug\main.obj
c:\users\paulo\documents\junior\programacao\repos\geocomp\trabalho1\x64\debug\lista.obj
c:\users\paulo\documents\junior\programacao\repos\geocomp\trabalho1\x64\debug\graphics.obj
c:\users\paulo\documents\junior\programacao\repos\geocomp\trabalho1\x64\debug\glad.obj
c:\users\paulo\documents\junior\programacao\repos\geocomp\trabalho1\x64\debug\geometria_dcel.obj
c:\users\paulo\documents\junior\programacao\repos\geocomp\trabalho1\x64\debug\geometria.obj
c:\users\paulo\documents\junior\programacao\repos\geocomp\trabalho1\x64\debug\clickpolygons.obj
c:\users\paulo\documents\junior\programacao\repos\geocomp\geocomp\x64\debug\trabalho1.exe
c:\users\paulo\documents\junior\programacao\repos\geocomp\trabalho1\x64\debug\trabalho1.ilk
c:\users\paulo\documents\junior\programacao\repos\geocomp\geocomp\x64\debug\trabalho1.pdb
c:\users\paulo\documents\junior\programacao\repos\geocomp\trabalho1\x64\debug\trabalho1.tlog\cl.command.1.tlog
c:\users\paulo\documents\junior\programacao\repos\geocomp\trabalho1\x64\debug\trabalho1.tlog\cl.read.1.tlog
c:\users\paulo\documents\junior\programacao\repos\geocomp\trabalho1\x64\debug\trabalho1.tlog\cl.write.1.tlog
c:\users\paulo\documents\junior\programacao\repos\geocomp\trabalho1\x64\debug\trabalho1.tlog\link.command.1.tlog
c:\users\paulo\documents\junior\programacao\repos\geocomp\trabalho1\x64\debug\trabalho1.tlog\link.read.1.tlog
c:\users\paulo\documents\junior\programacao\repos\geocomp\trabalho1\x64\debug\trabalho1.tlog\link.write.1.tlog
